20/06/2021 19:37:19	This log contains information about the import schema operation into project 'BancoDeDados.ProjetoDB' on computer 'DESKTOP-BHF9KUJ' by user 'Lucas'.
20/06/2021 19:37:19	Import of database schema has started.
20/06/2021 19:37:24	Gathering database credentials
20/06/2021 19:37:24	Gathering database options
20/06/2021 19:37:24	Gathering users
20/06/2021 19:37:24	Gathering roles
20/06/2021 19:37:24	Gathering application roles
20/06/2021 19:37:24	Gathering role memberships
20/06/2021 19:37:24	Gathering filegroups
20/06/2021 19:37:24	Gathering full-text catalogs
20/06/2021 19:37:24	Gathering assemblies
20/06/2021 19:37:24	Gathering certificates
20/06/2021 19:37:24	Gathering asymmetric keys
20/06/2021 19:37:24	Gathering symmetric keys
20/06/2021 19:37:24	Gathering encrypted symmetric keys
20/06/2021 19:37:24	Gathering schemas
20/06/2021 19:37:24	Gathering XML schema collections
20/06/2021 19:37:24	Gathering user-defined data types
20/06/2021 19:37:24	Gathering user-defined types
20/06/2021 19:37:24	Gathering table types
20/06/2021 19:37:24	Gathering unique keys for table types
20/06/2021 19:37:24	Gathering primary keys for table types
20/06/2021 19:37:24	Gathering indexes for table types
20/06/2021 19:37:24	Gathering check constraints for table types
20/06/2021 19:37:24	Gathering default constraints for table types
20/06/2021 19:37:24	Gathering partition functions
20/06/2021 19:37:24	Gathering partition schemes
20/06/2021 19:37:24	Gathering functions
20/06/2021 19:37:24	Gathering encrypted functions
20/06/2021 19:37:24	Gathering aggregates
20/06/2021 19:37:24	Gathering procedures
20/06/2021 19:37:24	Gathering encrypted procedures
20/06/2021 19:37:24	Gathering tables
20/06/2021 19:37:24	Gathering primary keys
20/06/2021 19:37:24	Gathering unique constraints
20/06/2021 19:37:24	Gathering foreign keys
20/06/2021 19:37:24	Gathering default constraints
20/06/2021 19:37:24	Gathering check constraints
20/06/2021 19:37:24	Gathering views
20/06/2021 19:37:24	Gathering encrypted views
20/06/2021 19:37:24	Gathering indexes
20/06/2021 19:37:24	Gathering statistics
20/06/2021 19:37:24	Gathering full-text index stoplists
20/06/2021 19:37:24	Gathering search property lists
20/06/2021 19:37:24	Gathering search properties
20/06/2021 19:37:24	Gathering full-text indexes
20/06/2021 19:37:24	Gathering column store indexes
20/06/2021 19:37:24	Gathering spatial indexes
20/06/2021 19:37:24	Gathering XML indexes
20/06/2021 19:37:24	Gathering Selective XML indexes
20/06/2021 19:37:24	Gathering encrypted triggers
20/06/2021 19:37:24	Gathering triggers
20/06/2021 19:37:24	Gathering encrypted and clr ddl triggers
20/06/2021 19:37:24	Gathering ddl triggers
20/06/2021 19:37:24	Gathering synonyms
20/06/2021 19:37:24	Gathering defaults
20/06/2021 19:37:24	Gathering data constraint uddt bindings
20/06/2021 19:37:24	Gathering rules
20/06/2021 19:37:24	Gathering data constraint uddt bindings
20/06/2021 19:37:24	Gathering message types
20/06/2021 19:37:24	Gathering queues
20/06/2021 19:37:24	Gathering contracts
20/06/2021 19:37:24	Gathering services
20/06/2021 19:37:24	Gathering event notifications
20/06/2021 19:37:24	Gathering remote service bindings
20/06/2021 19:37:24	Gathering broker priorities
20/06/2021 19:37:24	Gathering signatures
20/06/2021 19:37:24	Gathering data compression options
20/06/2021 19:37:24	Gathering sequence types
20/06/2021 19:37:24	Gathering security policies
20/06/2021 19:37:24	Gather column encryption keys
20/06/2021 19:37:24	Gathering column master keys
20/06/2021 19:37:24	Gathering external data sources
20/06/2021 19:37:24	Gathering external file formats
20/06/2021 19:37:24	Gathering external tables
20/06/2021 19:37:24	Gathering extended properties
20/06/2021 19:37:24	Gathering credentials
20/06/2021 19:37:24	Gathering logins
20/06/2021 19:37:24	Gathering server audits
20/06/2021 19:37:24	Scanning project for duplicate elements
20/06/2021 19:37:24	Finished duplicate element processing
20/06/2021 19:37:25	Finished importing database.
20/06/2021 19:37:25	A summary of the import was saved to the following location: C:\Users\Lucas\Documents\AcademiaDoProgramador\BancoDeDados\ControleTarefas\BancoDeDados.ProjetoDB\Import Schema Logs\BancoDeDados.Projeto_20210620103719.log
20/06/2021 19:37:25	Click Finish to continue...
