19/06/2021 23:48:58	This log contains information about the import schema operation into project 'BancoDeDados.ProjetoDB' on computer 'DESKTOP-BHF9KUJ' by user 'Lucas'.
19/06/2021 23:48:58	Import of database schema has started.
19/06/2021 23:49:07	Gathering database credentials
19/06/2021 23:49:07	Gathering database options
19/06/2021 23:49:07	Gathering users
19/06/2021 23:49:07	Gathering roles
19/06/2021 23:49:07	Gathering application roles
19/06/2021 23:49:07	Gathering role memberships
19/06/2021 23:49:07	Gathering filegroups
19/06/2021 23:49:07	Gathering full-text catalogs
19/06/2021 23:49:07	Gathering assemblies
19/06/2021 23:49:07	Gathering certificates
19/06/2021 23:49:07	Gathering asymmetric keys
19/06/2021 23:49:07	Gathering symmetric keys
19/06/2021 23:49:07	Gathering encrypted symmetric keys
19/06/2021 23:49:07	Gathering schemas
19/06/2021 23:49:07	Gathering XML schema collections
19/06/2021 23:49:07	Gathering user-defined data types
19/06/2021 23:49:07	Gathering user-defined types
19/06/2021 23:49:07	Gathering table types
19/06/2021 23:49:07	Gathering unique keys for table types
19/06/2021 23:49:07	Gathering primary keys for table types
19/06/2021 23:49:07	Gathering indexes for table types
19/06/2021 23:49:07	Gathering check constraints for table types
19/06/2021 23:49:07	Gathering default constraints for table types
19/06/2021 23:49:08	Gathering partition functions
19/06/2021 23:49:08	Gathering partition schemes
19/06/2021 23:49:30	Gathering functions
19/06/2021 23:49:30	Gathering encrypted functions
19/06/2021 23:49:30	Gathering aggregates
19/06/2021 23:49:30	Gathering procedures
19/06/2021 23:49:30	Gathering encrypted procedures
19/06/2021 23:49:30	Gathering tables
19/06/2021 23:49:30	Gathering primary keys
19/06/2021 23:49:30	Gathering unique constraints
19/06/2021 23:49:30	Gathering foreign keys
19/06/2021 23:49:30	Gathering default constraints
19/06/2021 23:49:30	Gathering check constraints
19/06/2021 23:49:30	Gathering views
19/06/2021 23:49:30	Gathering encrypted views
19/06/2021 23:49:30	Gathering indexes
19/06/2021 23:49:30	Gathering statistics
19/06/2021 23:49:30	Gathering full-text index stoplists
19/06/2021 23:49:30	Gathering search property lists
19/06/2021 23:49:30	Gathering search properties
19/06/2021 23:49:30	Gathering full-text indexes
19/06/2021 23:49:30	Gathering column store indexes
19/06/2021 23:49:30	Gathering spatial indexes
19/06/2021 23:49:30	Gathering XML indexes
19/06/2021 23:49:30	Gathering Selective XML indexes
19/06/2021 23:49:30	Gathering encrypted triggers
19/06/2021 23:49:30	Gathering triggers
19/06/2021 23:49:30	Gathering encrypted and clr ddl triggers
19/06/2021 23:49:30	Gathering ddl triggers
19/06/2021 23:49:30	Gathering synonyms
19/06/2021 23:49:30	Gathering defaults
19/06/2021 23:49:30	Gathering data constraint uddt bindings
19/06/2021 23:49:30	Gathering rules
19/06/2021 23:49:30	Gathering data constraint uddt bindings
19/06/2021 23:49:30	Gathering message types
19/06/2021 23:49:30	Gathering queues
19/06/2021 23:49:30	Gathering contracts
19/06/2021 23:49:30	Gathering services
19/06/2021 23:49:30	Gathering event notifications
19/06/2021 23:49:30	Gathering remote service bindings
19/06/2021 23:49:30	Gathering broker priorities
19/06/2021 23:49:30	Gathering signatures
19/06/2021 23:49:30	Gathering data compression options
19/06/2021 23:49:30	Gathering sequence types
19/06/2021 23:49:30	Gathering security policies
19/06/2021 23:49:30	Gather column encryption keys
19/06/2021 23:49:30	Gathering column master keys
19/06/2021 23:49:30	Gathering external data sources
19/06/2021 23:49:30	Gathering external file formats
19/06/2021 23:49:30	Gathering external tables
19/06/2021 23:49:30	Gathering extended properties
19/06/2021 23:49:31	Gathering credentials
19/06/2021 23:49:31	Gathering logins
19/06/2021 23:49:31	Gathering server audits
19/06/2021 23:49:34	Scanning project for duplicate elements
19/06/2021 23:49:35	Finished duplicate element processing
19/06/2021 23:49:37	Finished importing database.
19/06/2021 23:49:37	A summary of the import was saved to the following location: C:\Users\Lucas\Documents\AcademiaDoProgramador\BancoDeDados\ControleTarefas\BancoDeDados.ProjetoDB\Import Schema Logs\BancoDeDados.Projeto_20210620024858.log
19/06/2021 23:49:37	Click Finish to continue...
